[2026-03-27 17:58:13,346] INFO - Logger is working
[2026-03-27 17:58:13,370] INFO - Starting data transformation
[2026-03-27 17:58:13,408] INFO - Data loaded successfully
[2026-03-27 17:58:13,453] INFO - Creating preprocessing pipelines
[2026-03-27 17:58:13,454] INFO - Pipelines created successfully
[2026-03-27 17:58:13,454] INFO - Applying preprocessing on train and test data
[2026-03-27 17:58:13,576] INFO - Saving preprocessing object
[2026-03-27 17:58:13,580] INFO - Splitting data
[2026-03-27 17:58:13,582] INFO - Training Random Forest
[2026-03-27 17:58:29,655] INFO - Random Forest Accuracy: 0.8315217391304348
[2026-03-27 17:58:29,655] INFO - Random Forest ROC AUC: 0.8869724770642202
[2026-03-27 17:58:29,663] INFO - Random Forest Confusion Matrix:
[[62 13]
 [18 91]]
[2026-03-27 17:58:29,663] INFO - Training Decision Tree
[2026-03-27 17:58:29,714] INFO - Decision Tree Accuracy: 0.7880434782608695
[2026-03-27 17:58:29,714] INFO - Decision Tree ROC AUC: 0.7994495412844037
[2026-03-27 17:58:29,715] INFO - Decision Tree Confusion Matrix:
[[59 16]
 [23 86]]
[2026-03-27 17:58:29,715] INFO - Training KNN
[2026-03-27 17:58:29,778] INFO - KNN Accuracy: 0.7771739130434783
[2026-03-27 17:58:29,778] INFO - KNN ROC AUC: 0.8451987767584097
[2026-03-27 17:58:29,778] INFO - KNN Confusion Matrix:
[[60 15]
 [26 83]]
[2026-03-27 17:58:29,778] INFO - Training Gradient Boosting
[2026-03-27 17:58:30,342] INFO - Gradient Boosting Accuracy: 0.7771739130434783
[2026-03-27 17:58:30,342] INFO - Gradient Boosting ROC AUC: 0.86782874617737
[2026-03-27 17:58:30,342] INFO - Gradient Boosting Confusion Matrix:
[[65 10]
 [31 78]]
[2026-03-27 17:58:30,342] INFO - Training XGBoost
[2026-03-27 17:58:30,578] INFO - XGBoost Accuracy: 0.8152173913043478
[2026-03-27 17:58:30,578] INFO - XGBoost ROC AUC: 0.8524159021406729
[2026-03-27 17:58:30,578] INFO - XGBoost Confusion Matrix:
[[60 15]
 [19 90]]
[2026-03-27 17:58:30,578] INFO - Training CatBoost
[2026-03-27 17:58:39,192] INFO - CatBoost Accuracy: 0.8478260869565217
[2026-03-27 17:58:39,192] INFO - CatBoost ROC AUC: 0.8752293577981651
[2026-03-27 17:58:39,192] INFO - CatBoost Confusion Matrix:
[[64 11]
 [17 92]]
[2026-03-27 17:58:39,192] INFO - Best Model: Random Forest with ROC AUC: 0.8869724770642202
