[2026-03-27 17:56:40,671] INFO - Logger is working
[2026-03-27 17:56:40,682] INFO - Starting data transformation
[2026-03-27 17:56:40,701] INFO - Data loaded successfully
[2026-03-27 17:56:40,721] INFO - Creating preprocessing pipelines
[2026-03-27 17:56:40,721] INFO - Pipelines created successfully
[2026-03-27 17:56:40,721] INFO - Applying preprocessing on train and test data
[2026-03-27 17:56:40,745] INFO - Saving preprocessing object
[2026-03-27 17:56:40,746] INFO - Splitting data
[2026-03-27 17:56:40,747] INFO - Training Random Forest
[2026-03-27 17:56:47,421] INFO - Random Forest Accuracy: 0.8315217391304348
[2026-03-27 17:56:47,421] INFO - Random Forest ROC AUC: 0.8817737003058105
[2026-03-27 17:56:47,422] INFO - Random Forest Confusion Matrix:
[[63 12]
 [19 90]]
[2026-03-27 17:56:47,422] INFO - Training Decision Tree
[2026-03-27 17:56:47,472] INFO - Decision Tree Accuracy: 0.7880434782608695
[2026-03-27 17:56:47,472] INFO - Decision Tree ROC AUC: 0.7855045871559633
[2026-03-27 17:56:47,472] INFO - Decision Tree Confusion Matrix:
[[59 16]
 [23 86]]
[2026-03-27 17:56:47,472] INFO - Training KNN
[2026-03-27 17:56:47,538] INFO - KNN Accuracy: 0.7771739130434783
[2026-03-27 17:56:47,538] INFO - KNN ROC AUC: 0.8451987767584097
[2026-03-27 17:56:47,538] INFO - KNN Confusion Matrix:
[[60 15]
 [26 83]]
[2026-03-27 17:56:47,538] INFO - Training Gradient Boosting
[2026-03-27 17:56:48,035] INFO - Gradient Boosting Accuracy: 0.7771739130434783
[2026-03-27 17:56:48,035] INFO - Gradient Boosting ROC AUC: 0.86782874617737
[2026-03-27 17:56:48,035] INFO - Gradient Boosting Confusion Matrix:
[[65 10]
 [31 78]]
[2026-03-27 17:56:48,035] INFO - Training XGBoost
[2026-03-27 17:56:48,261] INFO - XGBoost Accuracy: 0.8152173913043478
[2026-03-27 17:56:48,262] INFO - XGBoost ROC AUC: 0.8524159021406729
[2026-03-27 17:56:48,262] INFO - XGBoost Confusion Matrix:
[[60 15]
 [19 90]]
[2026-03-27 17:56:48,262] INFO - Training CatBoost
[2026-03-27 17:56:56,135] INFO - CatBoost Accuracy: 0.8478260869565217
[2026-03-27 17:56:56,136] INFO - CatBoost ROC AUC: 0.8752293577981651
[2026-03-27 17:56:56,136] INFO - CatBoost Confusion Matrix:
[[64 11]
 [17 92]]
[2026-03-27 17:56:56,136] INFO - Best Model: Random Forest with ROC AUC: 0.8817737003058105
